12:37:34.360 INFO  [main][QuestionnaireSystemApplication.logStarting(StartupInfoLogger.java:55)] Starting QuestionnaireSystemApplication using Java 11.0.14.1 on Accelerator with PID 11992 (D:\Project_Java\QuestionnaireSystem\bin\main started by Kids-Andy in D:\Project_Java\QuestionnaireSystem)
12:37:34.364 INFO  [main][QuestionnaireSystemApplication.logStartupProfileInfo(SpringApplication.java:634)] No active profile set, falling back to 1 default profile: "default"
12:37:35.047 INFO  [main][RepositoryConfigurationDelegate.registerRepositoriesIn(RepositoryConfigurationDelegate.java:132)] Bootstrapping Spring Data JPA repositories in DEFAULT mode.
12:37:35.158 INFO  [main][RepositoryConfigurationDelegate.registerRepositoriesIn(RepositoryConfigurationDelegate.java:201)] Finished Spring Data repository scanning in 97 ms. Found 7 JPA repository interfaces.
12:37:36.088 INFO  [main][TomcatWebServer.initialize(TomcatWebServer.java:108)] Tomcat initialized with port(s): 8889 (http)
12:37:36.097 INFO  [main][Http11NioProtocol.log(DirectJDKLog.java:173)] Initializing ProtocolHandler ["http-nio-8889"]
12:37:36.098 INFO  [main][StandardService.log(DirectJDKLog.java:173)] Starting service [Tomcat]
12:37:36.098 INFO  [main][StandardEngine.log(DirectJDKLog.java:173)] Starting Servlet engine: [Apache Tomcat/9.0.65]
12:37:36.212 INFO  [main][[/].log(DirectJDKLog.java:173)] Initializing Spring embedded WebApplicationContext
12:37:36.212 INFO  [main][ServletWebServerApplicationContext.prepareWebApplicationContext(ServletWebServerApplicationContext.java:292)] Root WebApplicationContext: initialization completed in 1793 ms
12:37:36.384 INFO  [main][HikariDataSource.getConnection(HikariDataSource.java:110)] HikariPool-1 - Starting...
12:37:36.545 INFO  [main][HikariDataSource.getConnection(HikariDataSource.java:123)] HikariPool-1 - Start completed.
12:37:36.595 INFO  [main][LogHelper.logPersistenceUnitInformation(LogHelper.java:31)] HHH000204: Processing PersistenceUnitInfo [name: default]
12:37:36.639 INFO  [main][Version.logVersion(Version.java:44)] HHH000412: Hibernate ORM core version 5.6.10.Final
12:37:36.784 INFO  [main][Version.<clinit>(JavaReflectionManager.java:56)] HCANN000001: Hibernate Commons Annotations {5.1.2.Final}
12:37:36.906 INFO  [main][Dialect.<init>(Dialect.java:175)] HHH000400: Using dialect: org.hibernate.dialect.MySQL8Dialect
12:37:37.463 INFO  [main][JtaPlatformInitiator.initiateService(JtaPlatformInitiator.java:52)] HHH000490: Using JtaPlatform implementation: [org.hibernate.engine.transaction.jta.platform.internal.NoJtaPlatform]
12:37:37.472 INFO  [main][LocalContainerEntityManagerFactoryBean.buildNativeEntityManagerFactory(AbstractEntityManagerFactoryBean.java:437)] Initialized JPA EntityManagerFactory for persistence unit 'default'
12:37:38.172 WARN  [main][JpaBaseConfiguration$JpaWebConfiguration.openEntityManagerInViewInterceptor(JpaBaseConfiguration.java:219)] spring.jpa.open-in-view is enabled by default. Therefore, database queries may be performed during view rendering. Explicitly configure spring.jpa.open-in-view to disable this warning
12:37:38.504 INFO  [main][Http11NioProtocol.log(DirectJDKLog.java:173)] Starting ProtocolHandler ["http-nio-8889"]
12:37:38.538 INFO  [main][TomcatWebServer.start(TomcatWebServer.java:220)] Tomcat started on port(s): 8889 (http) with context path ''
12:37:38.547 INFO  [main][QuestionnaireSystemApplication.logStarted(StartupInfoLogger.java:61)] Started QuestionnaireSystemApplication in 4.592 seconds (JVM running for 5.334)
12:37:41.414 INFO  [http-nio-8889-exec-1][[/].log(DirectJDKLog.java:173)] Initializing Spring DispatcherServlet 'dispatcherServlet'
12:37:41.417 INFO  [http-nio-8889-exec-1][DispatcherServlet.initServletBean(FrameworkServlet.java:525)] Initializing Servlet 'dispatcherServlet'
12:37:41.421 INFO  [http-nio-8889-exec-1][DispatcherServlet.initServletBean(FrameworkServlet.java:547)] Completed initialization in 2 ms
12:41:57.867 INFO  [main][QuestionnaireSystemApplication.logStarting(StartupInfoLogger.java:55)] Starting QuestionnaireSystemApplication using Java 11.0.14.1 on Accelerator with PID 16548 (D:\Project_Java\QuestionnaireSystem\bin\main started by Kids-Andy in D:\Project_Java\QuestionnaireSystem)
12:41:57.871 INFO  [main][QuestionnaireSystemApplication.logStartupProfileInfo(SpringApplication.java:634)] No active profile set, falling back to 1 default profile: "default"
12:41:58.547 INFO  [main][RepositoryConfigurationDelegate.registerRepositoriesIn(RepositoryConfigurationDelegate.java:132)] Bootstrapping Spring Data JPA repositories in DEFAULT mode.
12:41:58.647 INFO  [main][RepositoryConfigurationDelegate.registerRepositoriesIn(RepositoryConfigurationDelegate.java:201)] Finished Spring Data repository scanning in 87 ms. Found 7 JPA repository interfaces.
12:41:59.495 INFO  [main][TomcatWebServer.initialize(TomcatWebServer.java:108)] Tomcat initialized with port(s): 8889 (http)
12:41:59.505 INFO  [main][Http11NioProtocol.log(DirectJDKLog.java:173)] Initializing ProtocolHandler ["http-nio-8889"]
12:41:59.506 INFO  [main][StandardService.log(DirectJDKLog.java:173)] Starting service [Tomcat]
12:41:59.506 INFO  [main][StandardEngine.log(DirectJDKLog.java:173)] Starting Servlet engine: [Apache Tomcat/9.0.65]
12:41:59.627 INFO  [main][[/].log(DirectJDKLog.java:173)] Initializing Spring embedded WebApplicationContext
12:41:59.627 INFO  [main][ServletWebServerApplicationContext.prepareWebApplicationContext(ServletWebServerApplicationContext.java:292)] Root WebApplicationContext: initialization completed in 1700 ms
12:41:59.803 INFO  [main][HikariDataSource.getConnection(HikariDataSource.java:110)] HikariPool-1 - Starting...
12:41:59.988 INFO  [main][HikariDataSource.getConnection(HikariDataSource.java:123)] HikariPool-1 - Start completed.
12:42:00.052 INFO  [main][LogHelper.logPersistenceUnitInformation(LogHelper.java:31)] HHH000204: Processing PersistenceUnitInfo [name: default]
12:42:00.096 INFO  [main][Version.logVersion(Version.java:44)] HHH000412: Hibernate ORM core version 5.6.10.Final
12:42:00.252 INFO  [main][Version.<clinit>(JavaReflectionManager.java:56)] HCANN000001: Hibernate Commons Annotations {5.1.2.Final}
12:42:00.372 INFO  [main][Dialect.<init>(Dialect.java:175)] HHH000400: Using dialect: org.hibernate.dialect.MySQL8Dialect
12:42:00.922 INFO  [main][JtaPlatformInitiator.initiateService(JtaPlatformInitiator.java:52)] HHH000490: Using JtaPlatform implementation: [org.hibernate.engine.transaction.jta.platform.internal.NoJtaPlatform]
12:42:00.932 INFO  [main][LocalContainerEntityManagerFactoryBean.buildNativeEntityManagerFactory(AbstractEntityManagerFactoryBean.java:437)] Initialized JPA EntityManagerFactory for persistence unit 'default'
12:42:01.619 WARN  [main][JpaBaseConfiguration$JpaWebConfiguration.openEntityManagerInViewInterceptor(JpaBaseConfiguration.java:219)] spring.jpa.open-in-view is enabled by default. Therefore, database queries may be performed during view rendering. Explicitly configure spring.jpa.open-in-view to disable this warning
12:42:01.981 INFO  [main][Http11NioProtocol.log(DirectJDKLog.java:173)] Starting ProtocolHandler ["http-nio-8889"]
12:42:02.002 INFO  [main][TomcatWebServer.start(TomcatWebServer.java:220)] Tomcat started on port(s): 8889 (http) with context path ''
12:42:02.013 INFO  [main][QuestionnaireSystemApplication.logStarted(StartupInfoLogger.java:61)] Started QuestionnaireSystemApplication in 4.536 seconds (JVM running for 5.114)
12:42:05.452 INFO  [http-nio-8889-exec-2][[/].log(DirectJDKLog.java:173)] Initializing Spring DispatcherServlet 'dispatcherServlet'
12:42:05.453 INFO  [http-nio-8889-exec-2][DispatcherServlet.initServletBean(FrameworkServlet.java:525)] Initializing Servlet 'dispatcherServlet'
12:42:05.455 INFO  [http-nio-8889-exec-2][DispatcherServlet.initServletBean(FrameworkServlet.java:547)] Completed initialization in 2 ms
12:42:48.136 INFO  [main][QuestionnaireSystemApplication.logStarting(StartupInfoLogger.java:55)] Starting QuestionnaireSystemApplication using Java 11.0.14.1 on Accelerator with PID 16928 (D:\Project_Java\QuestionnaireSystem\bin\main started by Kids-Andy in D:\Project_Java\QuestionnaireSystem)
12:42:48.140 INFO  [main][QuestionnaireSystemApplication.logStartupProfileInfo(SpringApplication.java:634)] No active profile set, falling back to 1 default profile: "default"
12:42:48.816 INFO  [main][RepositoryConfigurationDelegate.registerRepositoriesIn(RepositoryConfigurationDelegate.java:132)] Bootstrapping Spring Data JPA repositories in DEFAULT mode.
12:42:48.914 INFO  [main][RepositoryConfigurationDelegate.registerRepositoriesIn(RepositoryConfigurationDelegate.java:201)] Finished Spring Data repository scanning in 78 ms. Found 7 JPA repository interfaces.
12:42:49.743 INFO  [main][TomcatWebServer.initialize(TomcatWebServer.java:108)] Tomcat initialized with port(s): 8889 (http)
12:42:49.753 INFO  [main][Http11NioProtocol.log(DirectJDKLog.java:173)] Initializing ProtocolHandler ["http-nio-8889"]
12:42:49.754 INFO  [main][StandardService.log(DirectJDKLog.java:173)] Starting service [Tomcat]
12:42:49.754 INFO  [main][StandardEngine.log(DirectJDKLog.java:173)] Starting Servlet engine: [Apache Tomcat/9.0.65]
12:42:49.866 INFO  [main][[/].log(DirectJDKLog.java:173)] Initializing Spring embedded WebApplicationContext
12:42:49.866 INFO  [main][ServletWebServerApplicationContext.prepareWebApplicationContext(ServletWebServerApplicationContext.java:292)] Root WebApplicationContext: initialization completed in 1673 ms
12:42:50.040 INFO  [main][HikariDataSource.getConnection(HikariDataSource.java:110)] HikariPool-1 - Starting...
12:42:50.209 INFO  [main][HikariDataSource.getConnection(HikariDataSource.java:123)] HikariPool-1 - Start completed.
12:42:50.275 INFO  [main][LogHelper.logPersistenceUnitInformation(LogHelper.java:31)] HHH000204: Processing PersistenceUnitInfo [name: default]
12:42:50.321 INFO  [main][Version.logVersion(Version.java:44)] HHH000412: Hibernate ORM core version 5.6.10.Final
12:42:50.459 INFO  [main][Version.<clinit>(JavaReflectionManager.java:56)] HCANN000001: Hibernate Commons Annotations {5.1.2.Final}
12:42:50.588 INFO  [main][Dialect.<init>(Dialect.java:175)] HHH000400: Using dialect: org.hibernate.dialect.MySQL8Dialect
12:42:51.170 INFO  [main][JtaPlatformInitiator.initiateService(JtaPlatformInitiator.java:52)] HHH000490: Using JtaPlatform implementation: [org.hibernate.engine.transaction.jta.platform.internal.NoJtaPlatform]
12:42:51.179 INFO  [main][LocalContainerEntityManagerFactoryBean.buildNativeEntityManagerFactory(AbstractEntityManagerFactoryBean.java:437)] Initialized JPA EntityManagerFactory for persistence unit 'default'
12:42:51.907 WARN  [main][JpaBaseConfiguration$JpaWebConfiguration.openEntityManagerInViewInterceptor(JpaBaseConfiguration.java:219)] spring.jpa.open-in-view is enabled by default. Therefore, database queries may be performed during view rendering. Explicitly configure spring.jpa.open-in-view to disable this warning
12:42:52.248 INFO  [main][Http11NioProtocol.log(DirectJDKLog.java:173)] Starting ProtocolHandler ["http-nio-8889"]
12:42:52.269 INFO  [main][TomcatWebServer.start(TomcatWebServer.java:220)] Tomcat started on port(s): 8889 (http) with context path ''
12:42:52.277 INFO  [main][QuestionnaireSystemApplication.logStarted(StartupInfoLogger.java:61)] Started QuestionnaireSystemApplication in 4.542 seconds (JVM running for 5.112)
12:42:54.940 INFO  [http-nio-8889-exec-1][[/].log(DirectJDKLog.java:173)] Initializing Spring DispatcherServlet 'dispatcherServlet'
12:42:54.942 INFO  [http-nio-8889-exec-1][DispatcherServlet.initServletBean(FrameworkServlet.java:525)] Initializing Servlet 'dispatcherServlet'
12:42:54.950 INFO  [http-nio-8889-exec-1][DispatcherServlet.initServletBean(FrameworkServlet.java:547)] Completed initialization in 5 ms
12:44:32.536 INFO  [main][QuestionnaireSystemApplication.logStarting(StartupInfoLogger.java:55)] Starting QuestionnaireSystemApplication using Java 11.0.14.1 on Accelerator with PID 16316 (D:\Project_Java\QuestionnaireSystem\bin\main started by Kids-Andy in D:\Project_Java\QuestionnaireSystem)
12:44:32.541 INFO  [main][QuestionnaireSystemApplication.logStartupProfileInfo(SpringApplication.java:634)] No active profile set, falling back to 1 default profile: "default"
12:44:33.321 INFO  [main][RepositoryConfigurationDelegate.registerRepositoriesIn(RepositoryConfigurationDelegate.java:132)] Bootstrapping Spring Data JPA repositories in DEFAULT mode.
12:44:33.424 INFO  [main][RepositoryConfigurationDelegate.registerRepositoriesIn(RepositoryConfigurationDelegate.java:201)] Finished Spring Data repository scanning in 89 ms. Found 7 JPA repository interfaces.
12:44:34.319 INFO  [main][TomcatWebServer.initialize(TomcatWebServer.java:108)] Tomcat initialized with port(s): 8889 (http)
12:44:34.332 INFO  [main][Http11NioProtocol.log(DirectJDKLog.java:173)] Initializing ProtocolHandler ["http-nio-8889"]
12:44:34.333 INFO  [main][StandardService.log(DirectJDKLog.java:173)] Starting service [Tomcat]
12:44:34.333 INFO  [main][StandardEngine.log(DirectJDKLog.java:173)] Starting Servlet engine: [Apache Tomcat/9.0.65]
12:44:34.438 INFO  [main][[/].log(DirectJDKLog.java:173)] Initializing Spring embedded WebApplicationContext
12:44:34.439 INFO  [main][ServletWebServerApplicationContext.prepareWebApplicationContext(ServletWebServerApplicationContext.java:292)] Root WebApplicationContext: initialization completed in 1838 ms
12:44:34.620 INFO  [main][HikariDataSource.getConnection(HikariDataSource.java:110)] HikariPool-1 - Starting...
12:44:34.843 INFO  [main][HikariDataSource.getConnection(HikariDataSource.java:123)] HikariPool-1 - Start completed.
12:44:34.900 INFO  [main][LogHelper.logPersistenceUnitInformation(LogHelper.java:31)] HHH000204: Processing PersistenceUnitInfo [name: default]
12:44:34.960 INFO  [main][Version.logVersion(Version.java:44)] HHH000412: Hibernate ORM core version 5.6.10.Final
12:44:35.169 INFO  [main][Version.<clinit>(JavaReflectionManager.java:56)] HCANN000001: Hibernate Commons Annotations {5.1.2.Final}
12:44:35.313 INFO  [main][Dialect.<init>(Dialect.java:175)] HHH000400: Using dialect: org.hibernate.dialect.MySQL8Dialect
12:44:35.924 INFO  [main][JtaPlatformInitiator.initiateService(JtaPlatformInitiator.java:52)] HHH000490: Using JtaPlatform implementation: [org.hibernate.engine.transaction.jta.platform.internal.NoJtaPlatform]
12:44:35.933 INFO  [main][LocalContainerEntityManagerFactoryBean.buildNativeEntityManagerFactory(AbstractEntityManagerFactoryBean.java:437)] Initialized JPA EntityManagerFactory for persistence unit 'default'
12:44:36.711 WARN  [main][JpaBaseConfiguration$JpaWebConfiguration.openEntityManagerInViewInterceptor(JpaBaseConfiguration.java:219)] spring.jpa.open-in-view is enabled by default. Therefore, database queries may be performed during view rendering. Explicitly configure spring.jpa.open-in-view to disable this warning
12:44:37.096 INFO  [main][Http11NioProtocol.log(DirectJDKLog.java:173)] Starting ProtocolHandler ["http-nio-8889"]
12:44:37.123 INFO  [main][TomcatWebServer.start(TomcatWebServer.java:220)] Tomcat started on port(s): 8889 (http) with context path ''
12:44:37.132 INFO  [main][QuestionnaireSystemApplication.logStarted(StartupInfoLogger.java:61)] Started QuestionnaireSystemApplication in 5.053 seconds (JVM running for 5.98)
12:44:39.064 INFO  [http-nio-8889-exec-2][[/].log(DirectJDKLog.java:173)] Initializing Spring DispatcherServlet 'dispatcherServlet'
12:44:39.065 INFO  [http-nio-8889-exec-2][DispatcherServlet.initServletBean(FrameworkServlet.java:525)] Initializing Servlet 'dispatcherServlet'
12:44:39.067 INFO  [http-nio-8889-exec-2][DispatcherServlet.initServletBean(FrameworkServlet.java:547)] Completed initialization in 1 ms
12:44:53.788 INFO  [main][QuestionnaireSystemApplication.logStarting(StartupInfoLogger.java:55)] Starting QuestionnaireSystemApplication using Java 11.0.14.1 on Accelerator with PID 16380 (D:\Project_Java\QuestionnaireSystem\bin\main started by Kids-Andy in D:\Project_Java\QuestionnaireSystem)
12:44:53.795 INFO  [main][QuestionnaireSystemApplication.logStartupProfileInfo(SpringApplication.java:634)] No active profile set, falling back to 1 default profile: "default"
12:44:54.570 INFO  [main][RepositoryConfigurationDelegate.registerRepositoriesIn(RepositoryConfigurationDelegate.java:132)] Bootstrapping Spring Data JPA repositories in DEFAULT mode.
12:44:54.667 INFO  [main][RepositoryConfigurationDelegate.registerRepositoriesIn(RepositoryConfigurationDelegate.java:201)] Finished Spring Data repository scanning in 81 ms. Found 7 JPA repository interfaces.
12:44:55.566 INFO  [main][TomcatWebServer.initialize(TomcatWebServer.java:108)] Tomcat initialized with port(s): 8889 (http)
12:44:55.576 INFO  [main][Http11NioProtocol.log(DirectJDKLog.java:173)] Initializing ProtocolHandler ["http-nio-8889"]
12:44:55.576 INFO  [main][StandardService.log(DirectJDKLog.java:173)] Starting service [Tomcat]
12:44:55.577 INFO  [main][StandardEngine.log(DirectJDKLog.java:173)] Starting Servlet engine: [Apache Tomcat/9.0.65]
12:44:55.676 INFO  [main][[/].log(DirectJDKLog.java:173)] Initializing Spring embedded WebApplicationContext
12:44:55.676 INFO  [main][ServletWebServerApplicationContext.prepareWebApplicationContext(ServletWebServerApplicationContext.java:292)] Root WebApplicationContext: initialization completed in 1816 ms
12:44:55.864 INFO  [main][HikariDataSource.getConnection(HikariDataSource.java:110)] HikariPool-1 - Starting...
12:44:56.091 INFO  [main][HikariDataSource.getConnection(HikariDataSource.java:123)] HikariPool-1 - Start completed.
12:44:56.142 INFO  [main][LogHelper.logPersistenceUnitInformation(LogHelper.java:31)] HHH000204: Processing PersistenceUnitInfo [name: default]
12:44:56.196 INFO  [main][Version.logVersion(Version.java:44)] HHH000412: Hibernate ORM core version 5.6.10.Final
12:44:56.420 INFO  [main][Version.<clinit>(JavaReflectionManager.java:56)] HCANN000001: Hibernate Commons Annotations {5.1.2.Final}
12:44:56.568 INFO  [main][Dialect.<init>(Dialect.java:175)] HHH000400: Using dialect: org.hibernate.dialect.MySQL8Dialect
12:44:57.190 INFO  [main][JtaPlatformInitiator.initiateService(JtaPlatformInitiator.java:52)] HHH000490: Using JtaPlatform implementation: [org.hibernate.engine.transaction.jta.platform.internal.NoJtaPlatform]
12:44:57.198 INFO  [main][LocalContainerEntityManagerFactoryBean.buildNativeEntityManagerFactory(AbstractEntityManagerFactoryBean.java:437)] Initialized JPA EntityManagerFactory for persistence unit 'default'
12:44:57.966 WARN  [main][JpaBaseConfiguration$JpaWebConfiguration.openEntityManagerInViewInterceptor(JpaBaseConfiguration.java:219)] spring.jpa.open-in-view is enabled by default. Therefore, database queries may be performed during view rendering. Explicitly configure spring.jpa.open-in-view to disable this warning
12:44:58.356 INFO  [main][Http11NioProtocol.log(DirectJDKLog.java:173)] Starting ProtocolHandler ["http-nio-8889"]
12:44:58.385 INFO  [main][TomcatWebServer.start(TomcatWebServer.java:220)] Tomcat started on port(s): 8889 (http) with context path ''
12:44:58.394 INFO  [main][QuestionnaireSystemApplication.logStarted(StartupInfoLogger.java:61)] Started QuestionnaireSystemApplication in 5.087 seconds (JVM running for 5.834)
12:44:59.984 INFO  [http-nio-8889-exec-1][[/].log(DirectJDKLog.java:173)] Initializing Spring DispatcherServlet 'dispatcherServlet'
12:44:59.986 INFO  [http-nio-8889-exec-1][DispatcherServlet.initServletBean(FrameworkServlet.java:525)] Initializing Servlet 'dispatcherServlet'
12:44:59.990 INFO  [http-nio-8889-exec-1][DispatcherServlet.initServletBean(FrameworkServlet.java:547)] Completed initialization in 3 ms
12:47:28.058 INFO  [main][QuestionnaireSystemApplication.logStarting(StartupInfoLogger.java:55)] Starting QuestionnaireSystemApplication using Java 11.0.14.1 on Accelerator with PID 4840 (D:\Project_Java\QuestionnaireSystem\bin\main started by Kids-Andy in D:\Project_Java\QuestionnaireSystem)
12:47:28.062 INFO  [main][QuestionnaireSystemApplication.logStartupProfileInfo(SpringApplication.java:634)] No active profile set, falling back to 1 default profile: "default"
12:47:28.803 INFO  [main][RepositoryConfigurationDelegate.registerRepositoriesIn(RepositoryConfigurationDelegate.java:132)] Bootstrapping Spring Data JPA repositories in DEFAULT mode.
12:47:28.896 INFO  [main][RepositoryConfigurationDelegate.registerRepositoriesIn(RepositoryConfigurationDelegate.java:201)] Finished Spring Data repository scanning in 79 ms. Found 7 JPA repository interfaces.
12:47:29.757 INFO  [main][TomcatWebServer.initialize(TomcatWebServer.java:108)] Tomcat initialized with port(s): 8889 (http)
12:47:29.767 INFO  [main][Http11NioProtocol.log(DirectJDKLog.java:173)] Initializing ProtocolHandler ["http-nio-8889"]
12:47:29.768 INFO  [main][StandardService.log(DirectJDKLog.java:173)] Starting service [Tomcat]
12:47:29.768 INFO  [main][StandardEngine.log(DirectJDKLog.java:173)] Starting Servlet engine: [Apache Tomcat/9.0.65]
12:47:29.878 INFO  [main][[/].log(DirectJDKLog.java:173)] Initializing Spring embedded WebApplicationContext
12:47:29.879 INFO  [main][ServletWebServerApplicationContext.prepareWebApplicationContext(ServletWebServerApplicationContext.java:292)] Root WebApplicationContext: initialization completed in 1762 ms
12:47:30.051 INFO  [main][HikariDataSource.getConnection(HikariDataSource.java:110)] HikariPool-1 - Starting...
12:47:30.229 INFO  [main][HikariDataSource.getConnection(HikariDataSource.java:123)] HikariPool-1 - Start completed.
12:47:30.286 INFO  [main][LogHelper.logPersistenceUnitInformation(LogHelper.java:31)] HHH000204: Processing PersistenceUnitInfo [name: default]
12:47:30.328 INFO  [main][Version.logVersion(Version.java:44)] HHH000412: Hibernate ORM core version 5.6.10.Final
12:47:30.470 INFO  [main][Version.<clinit>(JavaReflectionManager.java:56)] HCANN000001: Hibernate Commons Annotations {5.1.2.Final}
12:47:30.596 INFO  [main][Dialect.<init>(Dialect.java:175)] HHH000400: Using dialect: org.hibernate.dialect.MySQL8Dialect
12:47:31.161 INFO  [main][JtaPlatformInitiator.initiateService(JtaPlatformInitiator.java:52)] HHH000490: Using JtaPlatform implementation: [org.hibernate.engine.transaction.jta.platform.internal.NoJtaPlatform]
12:47:31.168 INFO  [main][LocalContainerEntityManagerFactoryBean.buildNativeEntityManagerFactory(AbstractEntityManagerFactoryBean.java:437)] Initialized JPA EntityManagerFactory for persistence unit 'default'
12:47:31.857 WARN  [main][JpaBaseConfiguration$JpaWebConfiguration.openEntityManagerInViewInterceptor(JpaBaseConfiguration.java:219)] spring.jpa.open-in-view is enabled by default. Therefore, database queries may be performed during view rendering. Explicitly configure spring.jpa.open-in-view to disable this warning
12:47:32.193 INFO  [main][Http11NioProtocol.log(DirectJDKLog.java:173)] Starting ProtocolHandler ["http-nio-8889"]
12:47:32.217 INFO  [main][TomcatWebServer.start(TomcatWebServer.java:220)] Tomcat started on port(s): 8889 (http) with context path ''
12:47:32.226 INFO  [main][QuestionnaireSystemApplication.logStarted(StartupInfoLogger.java:61)] Started QuestionnaireSystemApplication in 4.552 seconds (JVM running for 5.139)
12:47:34.078 INFO  [http-nio-8889-exec-1][[/].log(DirectJDKLog.java:173)] Initializing Spring DispatcherServlet 'dispatcherServlet'
12:47:34.080 INFO  [http-nio-8889-exec-1][DispatcherServlet.initServletBean(FrameworkServlet.java:525)] Initializing Servlet 'dispatcherServlet'
12:47:34.085 INFO  [http-nio-8889-exec-1][DispatcherServlet.initServletBean(FrameworkServlet.java:547)] Completed initialization in 4 ms
12:48:14.992 INFO  [main][QuestionnaireSystemApplication.logStarting(StartupInfoLogger.java:55)] Starting QuestionnaireSystemApplication using Java 11.0.14.1 on Accelerator with PID 9800 (D:\Project_Java\QuestionnaireSystem\bin\main started by Kids-Andy in D:\Project_Java\QuestionnaireSystem)
12:48:14.996 INFO  [main][QuestionnaireSystemApplication.logStartupProfileInfo(SpringApplication.java:634)] No active profile set, falling back to 1 default profile: "default"
12:48:15.626 INFO  [main][RepositoryConfigurationDelegate.registerRepositoriesIn(RepositoryConfigurationDelegate.java:132)] Bootstrapping Spring Data JPA repositories in DEFAULT mode.
12:48:15.725 INFO  [main][RepositoryConfigurationDelegate.registerRepositoriesIn(RepositoryConfigurationDelegate.java:201)] Finished Spring Data repository scanning in 88 ms. Found 7 JPA repository interfaces.
12:48:16.541 INFO  [main][TomcatWebServer.initialize(TomcatWebServer.java:108)] Tomcat initialized with port(s): 8889 (http)
12:48:16.553 INFO  [main][Http11NioProtocol.log(DirectJDKLog.java:173)] Initializing ProtocolHandler ["http-nio-8889"]
12:48:16.553 INFO  [main][StandardService.log(DirectJDKLog.java:173)] Starting service [Tomcat]
12:48:16.554 INFO  [main][StandardEngine.log(DirectJDKLog.java:173)] Starting Servlet engine: [Apache Tomcat/9.0.65]
12:48:16.672 INFO  [main][[/].log(DirectJDKLog.java:173)] Initializing Spring embedded WebApplicationContext
12:48:16.673 INFO  [main][ServletWebServerApplicationContext.prepareWebApplicationContext(ServletWebServerApplicationContext.java:292)] Root WebApplicationContext: initialization completed in 1623 ms
12:48:16.845 INFO  [main][HikariDataSource.getConnection(HikariDataSource.java:110)] HikariPool-1 - Starting...
12:48:17.020 INFO  [main][HikariDataSource.getConnection(HikariDataSource.java:123)] HikariPool-1 - Start completed.
12:48:17.081 INFO  [main][LogHelper.logPersistenceUnitInformation(LogHelper.java:31)] HHH000204: Processing PersistenceUnitInfo [name: default]
12:48:17.125 INFO  [main][Version.logVersion(Version.java:44)] HHH000412: Hibernate ORM core version 5.6.10.Final
12:48:17.283 INFO  [main][Version.<clinit>(JavaReflectionManager.java:56)] HCANN000001: Hibernate Commons Annotations {5.1.2.Final}
12:48:17.407 INFO  [main][Dialect.<init>(Dialect.java:175)] HHH000400: Using dialect: org.hibernate.dialect.MySQL8Dialect
12:48:17.941 INFO  [main][JtaPlatformInitiator.initiateService(JtaPlatformInitiator.java:52)] HHH000490: Using JtaPlatform implementation: [org.hibernate.engine.transaction.jta.platform.internal.NoJtaPlatform]
12:48:17.949 INFO  [main][LocalContainerEntityManagerFactoryBean.buildNativeEntityManagerFactory(AbstractEntityManagerFactoryBean.java:437)] Initialized JPA EntityManagerFactory for persistence unit 'default'
12:48:18.626 WARN  [main][JpaBaseConfiguration$JpaWebConfiguration.openEntityManagerInViewInterceptor(JpaBaseConfiguration.java:219)] spring.jpa.open-in-view is enabled by default. Therefore, database queries may be performed during view rendering. Explicitly configure spring.jpa.open-in-view to disable this warning
12:48:18.964 INFO  [main][Http11NioProtocol.log(DirectJDKLog.java:173)] Starting ProtocolHandler ["http-nio-8889"]
12:48:18.995 INFO  [main][TomcatWebServer.start(TomcatWebServer.java:220)] Tomcat started on port(s): 8889 (http) with context path ''
12:48:19.005 INFO  [main][QuestionnaireSystemApplication.logStarted(StartupInfoLogger.java:61)] Started QuestionnaireSystemApplication in 4.406 seconds (JVM running for 4.99)
12:48:20.814 INFO  [http-nio-8889-exec-1][[/].log(DirectJDKLog.java:173)] Initializing Spring DispatcherServlet 'dispatcherServlet'
12:48:20.816 INFO  [http-nio-8889-exec-1][DispatcherServlet.initServletBean(FrameworkServlet.java:525)] Initializing Servlet 'dispatcherServlet'
12:48:20.821 INFO  [http-nio-8889-exec-1][DispatcherServlet.initServletBean(FrameworkServlet.java:547)] Completed initialization in 3 ms
12:48:23.671 WARN  [http-nio-8889-exec-5][SessionIdGeneratorBase.log(DirectJDKLog.java:173)] Creation of SecureRandom instance for session ID generation using [SHA1PRNG] took [334] milliseconds.
12:48:23.671 WARN  [http-nio-8889-exec-8][SessionIdGeneratorBase.log(DirectJDKLog.java:173)] Creation of SecureRandom instance for session ID generation using [SHA1PRNG] took [334] milliseconds.
14:38:52.818 INFO  [main][QuestionnaireSystemApplication.logStarting(StartupInfoLogger.java:55)] Starting QuestionnaireSystemApplication using Java 11.0.14.1 on Accelerator with PID 13252 (D:\Project_Java\QuestionnaireSystem\bin\main started by Kids-Andy in D:\Project_Java\QuestionnaireSystem)
14:38:52.822 INFO  [main][QuestionnaireSystemApplication.logStartupProfileInfo(SpringApplication.java:634)] No active profile set, falling back to 1 default profile: "default"
14:38:53.537 INFO  [main][RepositoryConfigurationDelegate.registerRepositoriesIn(RepositoryConfigurationDelegate.java:132)] Bootstrapping Spring Data JPA repositories in DEFAULT mode.
14:38:53.638 INFO  [main][RepositoryConfigurationDelegate.registerRepositoriesIn(RepositoryConfigurationDelegate.java:201)] Finished Spring Data repository scanning in 87 ms. Found 7 JPA repository interfaces.
14:38:54.507 INFO  [main][TomcatWebServer.initialize(TomcatWebServer.java:108)] Tomcat initialized with port(s): 8889 (http)
14:38:54.516 INFO  [main][Http11NioProtocol.log(DirectJDKLog.java:173)] Initializing ProtocolHandler ["http-nio-8889"]
14:38:54.517 INFO  [main][StandardService.log(DirectJDKLog.java:173)] Starting service [Tomcat]
14:38:54.518 INFO  [main][StandardEngine.log(DirectJDKLog.java:173)] Starting Servlet engine: [Apache Tomcat/9.0.65]
14:38:54.651 INFO  [main][[/].log(DirectJDKLog.java:173)] Initializing Spring embedded WebApplicationContext
14:38:54.651 INFO  [main][ServletWebServerApplicationContext.prepareWebApplicationContext(ServletWebServerApplicationContext.java:292)] Root WebApplicationContext: initialization completed in 1740 ms
14:38:54.817 INFO  [main][HikariDataSource.getConnection(HikariDataSource.java:110)] HikariPool-1 - Starting...
14:38:55.012 INFO  [main][HikariDataSource.getConnection(HikariDataSource.java:123)] HikariPool-1 - Start completed.
14:38:55.075 INFO  [main][LogHelper.logPersistenceUnitInformation(LogHelper.java:31)] HHH000204: Processing PersistenceUnitInfo [name: default]
14:38:55.119 INFO  [main][Version.logVersion(Version.java:44)] HHH000412: Hibernate ORM core version 5.6.10.Final
14:38:55.265 INFO  [main][Version.<clinit>(JavaReflectionManager.java:56)] HCANN000001: Hibernate Commons Annotations {5.1.2.Final}
14:38:55.387 INFO  [main][Dialect.<init>(Dialect.java:175)] HHH000400: Using dialect: org.hibernate.dialect.MySQL8Dialect
14:38:55.958 INFO  [main][JtaPlatformInitiator.initiateService(JtaPlatformInitiator.java:52)] HHH000490: Using JtaPlatform implementation: [org.hibernate.engine.transaction.jta.platform.internal.NoJtaPlatform]
14:38:55.966 INFO  [main][LocalContainerEntityManagerFactoryBean.buildNativeEntityManagerFactory(AbstractEntityManagerFactoryBean.java:437)] Initialized JPA EntityManagerFactory for persistence unit 'default'
14:38:56.654 WARN  [main][JpaBaseConfiguration$JpaWebConfiguration.openEntityManagerInViewInterceptor(JpaBaseConfiguration.java:219)] spring.jpa.open-in-view is enabled by default. Therefore, database queries may be performed during view rendering. Explicitly configure spring.jpa.open-in-view to disable this warning
14:38:56.979 INFO  [main][Http11NioProtocol.log(DirectJDKLog.java:173)] Starting ProtocolHandler ["http-nio-8889"]
14:38:57.005 INFO  [main][TomcatWebServer.start(TomcatWebServer.java:220)] Tomcat started on port(s): 8889 (http) with context path ''
14:38:57.015 INFO  [main][QuestionnaireSystemApplication.logStarted(StartupInfoLogger.java:61)] Started QuestionnaireSystemApplication in 4.589 seconds (JVM running for 5.186)
14:39:08.413 INFO  [http-nio-8889-exec-1][[/].log(DirectJDKLog.java:173)] Initializing Spring DispatcherServlet 'dispatcherServlet'
14:39:08.414 INFO  [http-nio-8889-exec-1][DispatcherServlet.initServletBean(FrameworkServlet.java:525)] Initializing Servlet 'dispatcherServlet'
14:39:08.418 INFO  [http-nio-8889-exec-1][DispatcherServlet.initServletBean(FrameworkServlet.java:547)] Completed initialization in 4 ms
14:39:13.823 WARN  [http-nio-8889-exec-5][SessionIdGeneratorBase.log(DirectJDKLog.java:173)] Creation of SecureRandom instance for session ID generation using [SHA1PRNG] took [304] milliseconds.
14:39:13.824 WARN  [http-nio-8889-exec-4][SessionIdGeneratorBase.log(DirectJDKLog.java:173)] Creation of SecureRandom instance for session ID generation using [SHA1PRNG] took [304] milliseconds.
14:41:02.044 INFO  [main][QuestionnaireSystemApplication.logStarting(StartupInfoLogger.java:55)] Starting QuestionnaireSystemApplication using Java 11.0.14.1 on Accelerator with PID 13408 (D:\Project_Java\QuestionnaireSystem\bin\main started by Kids-Andy in D:\Project_Java\QuestionnaireSystem)
14:41:02.048 INFO  [main][QuestionnaireSystemApplication.logStartupProfileInfo(SpringApplication.java:634)] No active profile set, falling back to 1 default profile: "default"
14:41:02.698 INFO  [main][RepositoryConfigurationDelegate.registerRepositoriesIn(RepositoryConfigurationDelegate.java:132)] Bootstrapping Spring Data JPA repositories in DEFAULT mode.
14:41:02.796 INFO  [main][RepositoryConfigurationDelegate.registerRepositoriesIn(RepositoryConfigurationDelegate.java:201)] Finished Spring Data repository scanning in 79 ms. Found 7 JPA repository interfaces.
14:41:03.618 INFO  [main][TomcatWebServer.initialize(TomcatWebServer.java:108)] Tomcat initialized with port(s): 8889 (http)
14:41:03.632 INFO  [main][Http11NioProtocol.log(DirectJDKLog.java:173)] Initializing ProtocolHandler ["http-nio-8889"]
14:41:03.633 INFO  [main][StandardService.log(DirectJDKLog.java:173)] Starting service [Tomcat]
14:41:03.634 INFO  [main][StandardEngine.log(DirectJDKLog.java:173)] Starting Servlet engine: [Apache Tomcat/9.0.65]
14:41:03.752 INFO  [main][[/].log(DirectJDKLog.java:173)] Initializing Spring embedded WebApplicationContext
14:41:03.753 INFO  [main][ServletWebServerApplicationContext.prepareWebApplicationContext(ServletWebServerApplicationContext.java:292)] Root WebApplicationContext: initialization completed in 1651 ms
14:41:03.935 INFO  [main][HikariDataSource.getConnection(HikariDataSource.java:110)] HikariPool-1 - Starting...
14:41:04.113 INFO  [main][HikariDataSource.getConnection(HikariDataSource.java:123)] HikariPool-1 - Start completed.
14:41:04.172 INFO  [main][LogHelper.logPersistenceUnitInformation(LogHelper.java:31)] HHH000204: Processing PersistenceUnitInfo [name: default]
14:41:04.213 INFO  [main][Version.logVersion(Version.java:44)] HHH000412: Hibernate ORM core version 5.6.10.Final
14:41:04.356 INFO  [main][Version.<clinit>(JavaReflectionManager.java:56)] HCANN000001: Hibernate Commons Annotations {5.1.2.Final}
14:41:04.486 INFO  [main][Dialect.<init>(Dialect.java:175)] HHH000400: Using dialect: org.hibernate.dialect.MySQL8Dialect
14:41:05.044 INFO  [main][JtaPlatformInitiator.initiateService(JtaPlatformInitiator.java:52)] HHH000490: Using JtaPlatform implementation: [org.hibernate.engine.transaction.jta.platform.internal.NoJtaPlatform]
14:41:05.053 INFO  [main][LocalContainerEntityManagerFactoryBean.buildNativeEntityManagerFactory(AbstractEntityManagerFactoryBean.java:437)] Initialized JPA EntityManagerFactory for persistence unit 'default'
14:41:05.741 WARN  [main][JpaBaseConfiguration$JpaWebConfiguration.openEntityManagerInViewInterceptor(JpaBaseConfiguration.java:219)] spring.jpa.open-in-view is enabled by default. Therefore, database queries may be performed during view rendering. Explicitly configure spring.jpa.open-in-view to disable this warning
14:41:06.086 INFO  [main][Http11NioProtocol.log(DirectJDKLog.java:173)] Starting ProtocolHandler ["http-nio-8889"]
14:41:06.107 INFO  [main][TomcatWebServer.start(TomcatWebServer.java:220)] Tomcat started on port(s): 8889 (http) with context path ''
14:41:06.115 INFO  [main][QuestionnaireSystemApplication.logStarted(StartupInfoLogger.java:61)] Started QuestionnaireSystemApplication in 4.466 seconds (JVM running for 5.041)
14:41:09.924 INFO  [http-nio-8889-exec-1][[/].log(DirectJDKLog.java:173)] Initializing Spring DispatcherServlet 'dispatcherServlet'
14:41:09.925 INFO  [http-nio-8889-exec-1][DispatcherServlet.initServletBean(FrameworkServlet.java:525)] Initializing Servlet 'dispatcherServlet'
14:41:09.928 INFO  [http-nio-8889-exec-1][DispatcherServlet.initServletBean(FrameworkServlet.java:547)] Completed initialization in 3 ms
14:41:12.677 WARN  [http-nio-8889-exec-5][SessionIdGeneratorBase.log(DirectJDKLog.java:173)] Creation of SecureRandom instance for session ID generation using [SHA1PRNG] took [279] milliseconds.
14:41:12.677 WARN  [http-nio-8889-exec-4][SessionIdGeneratorBase.log(DirectJDKLog.java:173)] Creation of SecureRandom instance for session ID generation using [SHA1PRNG] took [279] milliseconds.
14:43:26.490 INFO  [main][QuestionnaireSystemApplication.logStarting(StartupInfoLogger.java:55)] Starting QuestionnaireSystemApplication using Java 11.0.14.1 on Accelerator with PID 9688 (D:\Project_Java\QuestionnaireSystem\bin\main started by Kids-Andy in D:\Project_Java\QuestionnaireSystem)
14:43:26.494 INFO  [main][QuestionnaireSystemApplication.logStartupProfileInfo(SpringApplication.java:634)] No active profile set, falling back to 1 default profile: "default"
14:43:27.168 INFO  [main][RepositoryConfigurationDelegate.registerRepositoriesIn(RepositoryConfigurationDelegate.java:132)] Bootstrapping Spring Data JPA repositories in DEFAULT mode.
14:43:27.264 INFO  [main][RepositoryConfigurationDelegate.registerRepositoriesIn(RepositoryConfigurationDelegate.java:201)] Finished Spring Data repository scanning in 76 ms. Found 7 JPA repository interfaces.
14:43:28.110 INFO  [main][TomcatWebServer.initialize(TomcatWebServer.java:108)] Tomcat initialized with port(s): 8889 (http)
14:43:28.125 INFO  [main][Http11NioProtocol.log(DirectJDKLog.java:173)] Initializing ProtocolHandler ["http-nio-8889"]
14:43:28.125 INFO  [main][StandardService.log(DirectJDKLog.java:173)] Starting service [Tomcat]
14:43:28.126 INFO  [main][StandardEngine.log(DirectJDKLog.java:173)] Starting Servlet engine: [Apache Tomcat/9.0.65]
14:43:28.247 INFO  [main][[/].log(DirectJDKLog.java:173)] Initializing Spring embedded WebApplicationContext
14:43:28.247 INFO  [main][ServletWebServerApplicationContext.prepareWebApplicationContext(ServletWebServerApplicationContext.java:292)] Root WebApplicationContext: initialization completed in 1698 ms
14:43:28.410 INFO  [main][HikariDataSource.getConnection(HikariDataSource.java:110)] HikariPool-1 - Starting...
14:43:28.575 INFO  [main][HikariDataSource.getConnection(HikariDataSource.java:123)] HikariPool-1 - Start completed.
14:43:28.631 INFO  [main][LogHelper.logPersistenceUnitInformation(LogHelper.java:31)] HHH000204: Processing PersistenceUnitInfo [name: default]
14:43:28.674 INFO  [main][Version.logVersion(Version.java:44)] HHH000412: Hibernate ORM core version 5.6.10.Final
14:43:28.829 INFO  [main][Version.<clinit>(JavaReflectionManager.java:56)] HCANN000001: Hibernate Commons Annotations {5.1.2.Final}
14:43:28.954 INFO  [main][Dialect.<init>(Dialect.java:175)] HHH000400: Using dialect: org.hibernate.dialect.MySQL8Dialect
14:43:29.490 INFO  [main][JtaPlatformInitiator.initiateService(JtaPlatformInitiator.java:52)] HHH000490: Using JtaPlatform implementation: [org.hibernate.engine.transaction.jta.platform.internal.NoJtaPlatform]
14:43:29.497 INFO  [main][LocalContainerEntityManagerFactoryBean.buildNativeEntityManagerFactory(AbstractEntityManagerFactoryBean.java:437)] Initialized JPA EntityManagerFactory for persistence unit 'default'
14:43:30.167 WARN  [main][JpaBaseConfiguration$JpaWebConfiguration.openEntityManagerInViewInterceptor(JpaBaseConfiguration.java:219)] spring.jpa.open-in-view is enabled by default. Therefore, database queries may be performed during view rendering. Explicitly configure spring.jpa.open-in-view to disable this warning
14:43:30.496 INFO  [main][Http11NioProtocol.log(DirectJDKLog.java:173)] Starting ProtocolHandler ["http-nio-8889"]
14:43:30.527 INFO  [main][TomcatWebServer.start(TomcatWebServer.java:220)] Tomcat started on port(s): 8889 (http) with context path ''
14:43:30.535 INFO  [main][QuestionnaireSystemApplication.logStarted(StartupInfoLogger.java:61)] Started QuestionnaireSystemApplication in 4.441 seconds (JVM running for 5.01)
14:43:32.266 INFO  [http-nio-8889-exec-1][[/].log(DirectJDKLog.java:173)] Initializing Spring DispatcherServlet 'dispatcherServlet'
14:43:32.268 INFO  [http-nio-8889-exec-1][DispatcherServlet.initServletBean(FrameworkServlet.java:525)] Initializing Servlet 'dispatcherServlet'
14:43:32.273 INFO  [http-nio-8889-exec-1][DispatcherServlet.initServletBean(FrameworkServlet.java:547)] Completed initialization in 5 ms
14:43:34.792 WARN  [http-nio-8889-exec-4][SessionIdGeneratorBase.log(DirectJDKLog.java:173)] Creation of SecureRandom instance for session ID generation using [SHA1PRNG] took [348] milliseconds.
14:43:34.792 WARN  [http-nio-8889-exec-5][SessionIdGeneratorBase.log(DirectJDKLog.java:173)] Creation of SecureRandom instance for session ID generation using [SHA1PRNG] took [348] milliseconds.
14:45:28.901 INFO  [main][QuestionnaireSystemApplication.logStarting(StartupInfoLogger.java:55)] Starting QuestionnaireSystemApplication using Java 11.0.14.1 on Accelerator with PID 9708 (D:\Project_Java\QuestionnaireSystem\bin\main started by Kids-Andy in D:\Project_Java\QuestionnaireSystem)
14:45:28.905 INFO  [main][QuestionnaireSystemApplication.logStartupProfileInfo(SpringApplication.java:634)] No active profile set, falling back to 1 default profile: "default"
14:45:29.601 INFO  [main][RepositoryConfigurationDelegate.registerRepositoriesIn(RepositoryConfigurationDelegate.java:132)] Bootstrapping Spring Data JPA repositories in DEFAULT mode.
14:45:29.693 INFO  [main][RepositoryConfigurationDelegate.registerRepositoriesIn(RepositoryConfigurationDelegate.java:201)] Finished Spring Data repository scanning in 82 ms. Found 7 JPA repository interfaces.
14:45:30.520 INFO  [main][TomcatWebServer.initialize(TomcatWebServer.java:108)] Tomcat initialized with port(s): 8889 (http)
14:45:30.530 INFO  [main][Http11NioProtocol.log(DirectJDKLog.java:173)] Initializing ProtocolHandler ["http-nio-8889"]
14:45:30.530 INFO  [main][StandardService.log(DirectJDKLog.java:173)] Starting service [Tomcat]
14:45:30.531 INFO  [main][StandardEngine.log(DirectJDKLog.java:173)] Starting Servlet engine: [Apache Tomcat/9.0.65]
14:45:30.651 INFO  [main][[/].log(DirectJDKLog.java:173)] Initializing Spring embedded WebApplicationContext
14:45:30.651 INFO  [main][ServletWebServerApplicationContext.prepareWebApplicationContext(ServletWebServerApplicationContext.java:292)] Root WebApplicationContext: initialization completed in 1689 ms
14:45:30.826 INFO  [main][HikariDataSource.getConnection(HikariDataSource.java:110)] HikariPool-1 - Starting...
14:45:30.989 INFO  [main][HikariDataSource.getConnection(HikariDataSource.java:123)] HikariPool-1 - Start completed.
14:45:31.049 INFO  [main][LogHelper.logPersistenceUnitInformation(LogHelper.java:31)] HHH000204: Processing PersistenceUnitInfo [name: default]
14:45:31.091 INFO  [main][Version.logVersion(Version.java:44)] HHH000412: Hibernate ORM core version 5.6.10.Final
14:45:31.246 INFO  [main][Version.<clinit>(JavaReflectionManager.java:56)] HCANN000001: Hibernate Commons Annotations {5.1.2.Final}
14:45:31.370 INFO  [main][Dialect.<init>(Dialect.java:175)] HHH000400: Using dialect: org.hibernate.dialect.MySQL8Dialect
14:45:31.920 INFO  [main][JtaPlatformInitiator.initiateService(JtaPlatformInitiator.java:52)] HHH000490: Using JtaPlatform implementation: [org.hibernate.engine.transaction.jta.platform.internal.NoJtaPlatform]
14:45:31.930 INFO  [main][LocalContainerEntityManagerFactoryBean.buildNativeEntityManagerFactory(AbstractEntityManagerFactoryBean.java:437)] Initialized JPA EntityManagerFactory for persistence unit 'default'
14:45:32.627 WARN  [main][JpaBaseConfiguration$JpaWebConfiguration.openEntityManagerInViewInterceptor(JpaBaseConfiguration.java:219)] spring.jpa.open-in-view is enabled by default. Therefore, database queries may be performed during view rendering. Explicitly configure spring.jpa.open-in-view to disable this warning
14:45:32.979 INFO  [main][Http11NioProtocol.log(DirectJDKLog.java:173)] Starting ProtocolHandler ["http-nio-8889"]
14:45:33.007 INFO  [main][TomcatWebServer.start(TomcatWebServer.java:220)] Tomcat started on port(s): 8889 (http) with context path ''
14:45:33.015 INFO  [main][QuestionnaireSystemApplication.logStarted(StartupInfoLogger.java:61)] Started QuestionnaireSystemApplication in 4.52 seconds (JVM running for 5.102)
14:45:34.756 INFO  [http-nio-8889-exec-1][[/].log(DirectJDKLog.java:173)] Initializing Spring DispatcherServlet 'dispatcherServlet'
14:45:34.756 INFO  [http-nio-8889-exec-1][DispatcherServlet.initServletBean(FrameworkServlet.java:525)] Initializing Servlet 'dispatcherServlet'
14:45:34.758 INFO  [http-nio-8889-exec-1][DispatcherServlet.initServletBean(FrameworkServlet.java:547)] Completed initialization in 2 ms
14:45:36.967 WARN  [http-nio-8889-exec-4][SessionIdGeneratorBase.log(DirectJDKLog.java:173)] Creation of SecureRandom instance for session ID generation using [SHA1PRNG] took [408] milliseconds.
14:45:36.966 WARN  [http-nio-8889-exec-5][SessionIdGeneratorBase.log(DirectJDKLog.java:173)] Creation of SecureRandom instance for session ID generation using [SHA1PRNG] took [408] milliseconds.
14:49:38.118 INFO  [main][QuestionnaireSystemApplication.logStarting(StartupInfoLogger.java:55)] Starting QuestionnaireSystemApplication using Java 11.0.14.1 on Accelerator with PID 16252 (D:\Project_Java\QuestionnaireSystem\bin\main started by Kids-Andy in D:\Project_Java\QuestionnaireSystem)
14:49:38.122 INFO  [main][QuestionnaireSystemApplication.logStartupProfileInfo(SpringApplication.java:634)] No active profile set, falling back to 1 default profile: "default"
14:49:38.810 INFO  [main][RepositoryConfigurationDelegate.registerRepositoriesIn(RepositoryConfigurationDelegate.java:132)] Bootstrapping Spring Data JPA repositories in DEFAULT mode.
14:49:38.910 INFO  [main][RepositoryConfigurationDelegate.registerRepositoriesIn(RepositoryConfigurationDelegate.java:201)] Finished Spring Data repository scanning in 88 ms. Found 7 JPA repository interfaces.
14:49:39.757 INFO  [main][TomcatWebServer.initialize(TomcatWebServer.java:108)] Tomcat initialized with port(s): 8889 (http)
14:49:39.766 INFO  [main][Http11NioProtocol.log(DirectJDKLog.java:173)] Initializing ProtocolHandler ["http-nio-8889"]
14:49:39.766 INFO  [main][StandardService.log(DirectJDKLog.java:173)] Starting service [Tomcat]
14:49:39.766 INFO  [main][StandardEngine.log(DirectJDKLog.java:173)] Starting Servlet engine: [Apache Tomcat/9.0.65]
14:49:39.885 INFO  [main][[/].log(DirectJDKLog.java:173)] Initializing Spring embedded WebApplicationContext
14:49:39.885 INFO  [main][ServletWebServerApplicationContext.prepareWebApplicationContext(ServletWebServerApplicationContext.java:292)] Root WebApplicationContext: initialization completed in 1712 ms
14:49:40.056 INFO  [main][HikariDataSource.getConnection(HikariDataSource.java:110)] HikariPool-1 - Starting...
14:49:40.225 INFO  [main][HikariDataSource.getConnection(HikariDataSource.java:123)] HikariPool-1 - Start completed.
14:49:40.274 INFO  [main][LogHelper.logPersistenceUnitInformation(LogHelper.java:31)] HHH000204: Processing PersistenceUnitInfo [name: default]
14:49:40.316 INFO  [main][Version.logVersion(Version.java:44)] HHH000412: Hibernate ORM core version 5.6.10.Final
14:49:40.457 INFO  [main][Version.<clinit>(JavaReflectionManager.java:56)] HCANN000001: Hibernate Commons Annotations {5.1.2.Final}
14:49:40.590 INFO  [main][Dialect.<init>(Dialect.java:175)] HHH000400: Using dialect: org.hibernate.dialect.MySQL8Dialect
14:49:41.143 INFO  [main][JtaPlatformInitiator.initiateService(JtaPlatformInitiator.java:52)] HHH000490: Using JtaPlatform implementation: [org.hibernate.engine.transaction.jta.platform.internal.NoJtaPlatform]
14:49:41.150 INFO  [main][LocalContainerEntityManagerFactoryBean.buildNativeEntityManagerFactory(AbstractEntityManagerFactoryBean.java:437)] Initialized JPA EntityManagerFactory for persistence unit 'default'
14:49:41.851 WARN  [main][JpaBaseConfiguration$JpaWebConfiguration.openEntityManagerInViewInterceptor(JpaBaseConfiguration.java:219)] spring.jpa.open-in-view is enabled by default. Therefore, database queries may be performed during view rendering. Explicitly configure spring.jpa.open-in-view to disable this warning
14:49:42.179 INFO  [main][Http11NioProtocol.log(DirectJDKLog.java:173)] Starting ProtocolHandler ["http-nio-8889"]
14:49:42.212 INFO  [main][TomcatWebServer.start(TomcatWebServer.java:220)] Tomcat started on port(s): 8889 (http) with context path ''
14:49:42.219 INFO  [main][QuestionnaireSystemApplication.logStarted(StartupInfoLogger.java:61)] Started QuestionnaireSystemApplication in 4.525 seconds (JVM running for 5.105)
14:49:43.869 INFO  [http-nio-8889-exec-1][[/].log(DirectJDKLog.java:173)] Initializing Spring DispatcherServlet 'dispatcherServlet'
14:49:43.870 INFO  [http-nio-8889-exec-1][DispatcherServlet.initServletBean(FrameworkServlet.java:525)] Initializing Servlet 'dispatcherServlet'
14:49:43.873 INFO  [http-nio-8889-exec-1][DispatcherServlet.initServletBean(FrameworkServlet.java:547)] Completed initialization in 3 ms
14:49:47.073 WARN  [http-nio-8889-exec-4][SessionIdGeneratorBase.log(DirectJDKLog.java:173)] Creation of SecureRandom instance for session ID generation using [SHA1PRNG] took [291] milliseconds.
14:49:47.073 WARN  [http-nio-8889-exec-5][SessionIdGeneratorBase.log(DirectJDKLog.java:173)] Creation of SecureRandom instance for session ID generation using [SHA1PRNG] took [291] milliseconds.
14:52:27.937 INFO  [main][QuestionnaireSystemApplication.logStarting(StartupInfoLogger.java:55)] Starting QuestionnaireSystemApplication using Java 11.0.14.1 on Accelerator with PID 9812 (D:\Project_Java\QuestionnaireSystem\bin\main started by Kids-Andy in D:\Project_Java\QuestionnaireSystem)
14:52:27.940 INFO  [main][QuestionnaireSystemApplication.logStartupProfileInfo(SpringApplication.java:634)] No active profile set, falling back to 1 default profile: "default"
14:52:28.604 INFO  [main][RepositoryConfigurationDelegate.registerRepositoriesIn(RepositoryConfigurationDelegate.java:132)] Bootstrapping Spring Data JPA repositories in DEFAULT mode.
14:52:28.704 INFO  [main][RepositoryConfigurationDelegate.registerRepositoriesIn(RepositoryConfigurationDelegate.java:201)] Finished Spring Data repository scanning in 88 ms. Found 7 JPA repository interfaces.
14:52:29.555 INFO  [main][TomcatWebServer.initialize(TomcatWebServer.java:108)] Tomcat initialized with port(s): 8889 (http)
14:52:29.566 INFO  [main][Http11NioProtocol.log(DirectJDKLog.java:173)] Initializing ProtocolHandler ["http-nio-8889"]
14:52:29.568 INFO  [main][StandardService.log(DirectJDKLog.java:173)] Starting service [Tomcat]
14:52:29.568 INFO  [main][StandardEngine.log(DirectJDKLog.java:173)] Starting Servlet engine: [Apache Tomcat/9.0.65]
14:52:29.685 INFO  [main][[/].log(DirectJDKLog.java:173)] Initializing Spring embedded WebApplicationContext
14:52:29.686 INFO  [main][ServletWebServerApplicationContext.prepareWebApplicationContext(ServletWebServerApplicationContext.java:292)] Root WebApplicationContext: initialization completed in 1695 ms
14:52:29.855 INFO  [main][HikariDataSource.getConnection(HikariDataSource.java:110)] HikariPool-1 - Starting...
14:52:30.024 INFO  [main][HikariDataSource.getConnection(HikariDataSource.java:123)] HikariPool-1 - Start completed.
14:52:30.081 INFO  [main][LogHelper.logPersistenceUnitInformation(LogHelper.java:31)] HHH000204: Processing PersistenceUnitInfo [name: default]
14:52:30.126 INFO  [main][Version.logVersion(Version.java:44)] HHH000412: Hibernate ORM core version 5.6.10.Final
14:52:30.270 INFO  [main][Version.<clinit>(JavaReflectionManager.java:56)] HCANN000001: Hibernate Commons Annotations {5.1.2.Final}
14:52:30.393 INFO  [main][Dialect.<init>(Dialect.java:175)] HHH000400: Using dialect: org.hibernate.dialect.MySQL8Dialect
14:52:30.962 INFO  [main][JtaPlatformInitiator.initiateService(JtaPlatformInitiator.java:52)] HHH000490: Using JtaPlatform implementation: [org.hibernate.engine.transaction.jta.platform.internal.NoJtaPlatform]
14:52:30.970 INFO  [main][LocalContainerEntityManagerFactoryBean.buildNativeEntityManagerFactory(AbstractEntityManagerFactoryBean.java:437)] Initialized JPA EntityManagerFactory for persistence unit 'default'
14:52:31.666 WARN  [main][JpaBaseConfiguration$JpaWebConfiguration.openEntityManagerInViewInterceptor(JpaBaseConfiguration.java:219)] spring.jpa.open-in-view is enabled by default. Therefore, database queries may be performed during view rendering. Explicitly configure spring.jpa.open-in-view to disable this warning
14:52:32.008 INFO  [main][Http11NioProtocol.log(DirectJDKLog.java:173)] Starting ProtocolHandler ["http-nio-8889"]
14:52:32.040 INFO  [main][TomcatWebServer.start(TomcatWebServer.java:220)] Tomcat started on port(s): 8889 (http) with context path ''
14:52:32.047 INFO  [main][QuestionnaireSystemApplication.logStarted(StartupInfoLogger.java:61)] Started QuestionnaireSystemApplication in 4.502 seconds (JVM running for 5.09)
14:52:33.734 INFO  [http-nio-8889-exec-1][[/].log(DirectJDKLog.java:173)] Initializing Spring DispatcherServlet 'dispatcherServlet'
14:52:33.735 INFO  [http-nio-8889-exec-1][DispatcherServlet.initServletBean(FrameworkServlet.java:525)] Initializing Servlet 'dispatcherServlet'
14:52:33.740 INFO  [http-nio-8889-exec-1][DispatcherServlet.initServletBean(FrameworkServlet.java:547)] Completed initialization in 4 ms
14:52:37.020 WARN  [http-nio-8889-exec-10][SessionIdGeneratorBase.log(DirectJDKLog.java:173)] Creation of SecureRandom instance for session ID generation using [SHA1PRNG] took [345] milliseconds.
14:52:37.020 WARN  [http-nio-8889-exec-7][SessionIdGeneratorBase.log(DirectJDKLog.java:173)] Creation of SecureRandom instance for session ID generation using [SHA1PRNG] took [345] milliseconds.
17:05:23.774 INFO  [main][QuestionnaireSystemApplication.logStarting(StartupInfoLogger.java:55)] Starting QuestionnaireSystemApplication using Java 11.0.14.1 on Accelerator with PID 10428 (D:\Project_Java\QuestionnaireSystem\bin\main started by Kids-Andy in D:\Project_Java\QuestionnaireSystem)
17:05:23.779 INFO  [main][QuestionnaireSystemApplication.logStartupProfileInfo(SpringApplication.java:634)] No active profile set, falling back to 1 default profile: "default"
17:05:24.579 INFO  [main][RepositoryConfigurationDelegate.registerRepositoriesIn(RepositoryConfigurationDelegate.java:132)] Bootstrapping Spring Data JPA repositories in DEFAULT mode.
17:05:24.684 INFO  [main][RepositoryConfigurationDelegate.registerRepositoriesIn(RepositoryConfigurationDelegate.java:201)] Finished Spring Data repository scanning in 93 ms. Found 7 JPA repository interfaces.
17:05:25.598 INFO  [main][TomcatWebServer.initialize(TomcatWebServer.java:108)] Tomcat initialized with port(s): 8889 (http)
17:05:25.608 INFO  [main][Http11NioProtocol.log(DirectJDKLog.java:173)] Initializing ProtocolHandler ["http-nio-8889"]
17:05:25.608 INFO  [main][StandardService.log(DirectJDKLog.java:173)] Starting service [Tomcat]
17:05:25.609 INFO  [main][StandardEngine.log(DirectJDKLog.java:173)] Starting Servlet engine: [Apache Tomcat/9.0.65]
17:05:25.732 INFO  [main][[/].log(DirectJDKLog.java:173)] Initializing Spring embedded WebApplicationContext
17:05:25.733 INFO  [main][ServletWebServerApplicationContext.prepareWebApplicationContext(ServletWebServerApplicationContext.java:292)] Root WebApplicationContext: initialization completed in 1898 ms
17:05:25.919 INFO  [main][HikariDataSource.getConnection(HikariDataSource.java:110)] HikariPool-1 - Starting...
17:05:26.139 INFO  [main][HikariDataSource.getConnection(HikariDataSource.java:123)] HikariPool-1 - Start completed.
17:05:26.220 INFO  [main][LogHelper.logPersistenceUnitInformation(LogHelper.java:31)] HHH000204: Processing PersistenceUnitInfo [name: default]
17:05:26.279 INFO  [main][Version.logVersion(Version.java:44)] HHH000412: Hibernate ORM core version 5.6.10.Final
17:05:26.439 INFO  [main][Version.<clinit>(JavaReflectionManager.java:56)] HCANN000001: Hibernate Commons Annotations {5.1.2.Final}
17:05:26.570 INFO  [main][Dialect.<init>(Dialect.java:175)] HHH000400: Using dialect: org.hibernate.dialect.MySQL8Dialect
17:05:27.174 INFO  [main][JtaPlatformInitiator.initiateService(JtaPlatformInitiator.java:52)] HHH000490: Using JtaPlatform implementation: [org.hibernate.engine.transaction.jta.platform.internal.NoJtaPlatform]
17:05:27.184 INFO  [main][LocalContainerEntityManagerFactoryBean.buildNativeEntityManagerFactory(AbstractEntityManagerFactoryBean.java:437)] Initialized JPA EntityManagerFactory for persistence unit 'default'
17:05:28.013 WARN  [main][JpaBaseConfiguration$JpaWebConfiguration.openEntityManagerInViewInterceptor(JpaBaseConfiguration.java:219)] spring.jpa.open-in-view is enabled by default. Therefore, database queries may be performed during view rendering. Explicitly configure spring.jpa.open-in-view to disable this warning
17:05:28.415 INFO  [main][Http11NioProtocol.log(DirectJDKLog.java:173)] Starting ProtocolHandler ["http-nio-8889"]
17:05:28.449 INFO  [main][TomcatWebServer.start(TomcatWebServer.java:220)] Tomcat started on port(s): 8889 (http) with context path ''
17:05:28.457 INFO  [main][QuestionnaireSystemApplication.logStarted(StartupInfoLogger.java:61)] Started QuestionnaireSystemApplication in 5.102 seconds (JVM running for 5.901)
17:05:30.546 INFO  [http-nio-8889-exec-1][[/].log(DirectJDKLog.java:173)] Initializing Spring DispatcherServlet 'dispatcherServlet'
17:05:30.547 INFO  [http-nio-8889-exec-1][DispatcherServlet.initServletBean(FrameworkServlet.java:525)] Initializing Servlet 'dispatcherServlet'
17:05:30.549 INFO  [http-nio-8889-exec-1][DispatcherServlet.initServletBean(FrameworkServlet.java:547)] Completed initialization in 2 ms
17:05:33.126 WARN  [http-nio-8889-exec-4][SessionIdGeneratorBase.log(DirectJDKLog.java:173)] Creation of SecureRandom instance for session ID generation using [SHA1PRNG] took [342] milliseconds.
17:05:33.125 WARN  [http-nio-8889-exec-5][SessionIdGeneratorBase.log(DirectJDKLog.java:173)] Creation of SecureRandom instance for session ID generation using [SHA1PRNG] took [342] milliseconds.
17:05:44.193 ERROR [http-nio-8889-exec-6][QuestionnaireController.getQuestionnaireList(QuestionnaireController.java:175)] query string is invalid
